130408 11:33:26 [Note] Plugin 'FEDERATED' is disabled.
130408 11:33:26 InnoDB: The InnoDB memory heap is disabled
130408 11:33:26 InnoDB: Mutexes and rw_locks use Windows interlocked functions
130408 11:33:26 InnoDB: Compressed tables use zlib 1.2.3
130408 11:33:26 InnoDB: Initializing buffer pool, size = 16.0M
130408 11:33:26 InnoDB: Completed initialization of buffer pool
InnoDB: The first specified data file \xampp\mysql\data\ibdata1 did not exist:
InnoDB: a new database to be created!
130408 11:33:26  InnoDB: Setting file \xampp\mysql\data\ibdata1 size to 10 MB
InnoDB: Database physically writes the file full: wait...
130408 11:33:26  InnoDB: Log file \xampp\mysql\data\ib_logfile0 did not exist: new to be created
InnoDB: Setting log file \xampp\mysql\data\ib_logfile0 size to 5 MB
InnoDB: Database physically writes the file full: wait...
130408 11:33:26  InnoDB: Log file \xampp\mysql\data\ib_logfile1 did not exist: new to be created
InnoDB: Setting log file \xampp\mysql\data\ib_logfile1 size to 5 MB
InnoDB: Database physically writes the file full: wait...
InnoDB: Doublewrite buffer not found: creating new
InnoDB: Doublewrite buffer created
InnoDB: 127 rollback segment(s) active.
InnoDB: Creating foreign key constraint system tables
InnoDB: Foreign key constraint system tables created
130408 11:33:27  InnoDB: Waiting for the background threads to start
130408 11:33:28 InnoDB: 1.1.8 started; log sequence number 0
130408 11:33:28 [Note] Server hostname (bind-address): '0.0.0.0'; port: 3306
130408 11:33:28 [Note]   - '0.0.0.0' resolves to '0.0.0.0';
130408 11:33:28 [Note] Server socket created on IP: '0.0.0.0'.
130408 11:33:28 [Note] Event Scheduler: Loaded 0 events
130408 11:33:28 [Note] c:\xampp\mysql\bin\mysqld.exe: ready for connections.
Version: '5.5.27'  socket: ''  port: 3306  MySQL Community Server (GPL)
130408 11:34:37 [Note] Plugin 'FEDERATED' is disabled.
130408 11:34:37 InnoDB: The InnoDB memory heap is disabled
130408 11:34:37 InnoDB: Mutexes and rw_locks use Windows interlocked functions
130408 11:34:37 InnoDB: Compressed tables use zlib 1.2.3
130408 11:34:37 InnoDB: Initializing buffer pool, size = 16.0M
130408 11:34:37 InnoDB: Completed initialization of buffer pool
130408 11:34:37 InnoDB: highest supported file format is Barracuda.
InnoDB: The log sequence number in ibdata files does not match
InnoDB: the log sequence number in the ib_logfiles!
130408 11:34:37  InnoDB: Database was not shut down normally!
InnoDB: Starting crash recovery.
InnoDB: Reading tablespace information from the .ibd files...
InnoDB: Restoring possible half-written data pages from the doublewrite
InnoDB: buffer...
130408 11:34:37  InnoDB: Waiting for the background threads to start
130408 11:34:38 InnoDB: 1.1.8 started; log sequence number 1595675
130408 11:34:38 [Note] Server hostname (bind-address): '0.0.0.0'; port: 3306
130408 11:34:38 [Note]   - '0.0.0.0' resolves to '0.0.0.0';
130408 11:34:38 [Note] Server socket created on IP: '0.0.0.0'.
130408 11:34:38 [Note] Event Scheduler: Loaded 0 events
130408 11:34:38 [Note] c:\xampp\mysql\bin\mysqld.exe: ready for connections.
Version: '5.5.27'  socket: ''  port: 3306  MySQL Community Server (GPL)
130408 11:35:35 [Note] Plugin 'FEDERATED' is disabled.
130408 11:35:35 InnoDB: The InnoDB memory heap is disabled
130408 11:35:35 InnoDB: Mutexes and rw_locks use Windows interlocked functions
130408 11:35:35 InnoDB: Compressed tables use zlib 1.2.3
130408 11:35:35 InnoDB: Initializing buffer pool, size = 16.0M
130408 11:35:35 InnoDB: Completed initialization of buffer pool
130408 11:35:35 InnoDB: highest supported file format is Barracuda.
InnoDB: The log sequence number in ibdata files does not match
InnoDB: the log sequence number in the ib_logfiles!
130408 11:35:35  InnoDB: Database was not shut down normally!
InnoDB: Starting crash recovery.
InnoDB: Reading tablespace information from the .ibd files...
InnoDB: Restoring possible half-written data pages from the doublewrite
InnoDB: buffer...
130408 11:35:35  InnoDB: Waiting for the background threads to start
130408 11:35:36 InnoDB: 1.1.8 started; log sequence number 1595675
130408 11:35:36 [Note] Server hostname (bind-address): '0.0.0.0'; port: 3306
130408 11:35:36 [Note]   - '0.0.0.0' resolves to '0.0.0.0';
130408 11:35:36 [Note] Server socket created on IP: '0.0.0.0'.
130408 11:35:36 [Note] Event Scheduler: Loaded 0 events
130408 11:35:36 [Note] c:\xampp\mysql\bin\mysqld.exe: ready for connections.
Version: '5.5.27'  socket: ''  port: 3306  MySQL Community Server (GPL)
130408 11:43:57 [Note] Plugin 'FEDERATED' is disabled.
130408 11:43:57 InnoDB: The InnoDB memory heap is disabled
130408 11:43:57 InnoDB: Mutexes and rw_locks use Windows interlocked functions
130408 11:43:57 InnoDB: Compressed tables use zlib 1.2.3
130408 11:43:57 InnoDB: Initializing buffer pool, size = 16.0M
130408 11:43:57 InnoDB: Completed initialization of buffer pool
130408 11:43:57 InnoDB: highest supported file format is Barracuda.
InnoDB: The log sequence number in ibdata files does not match
InnoDB: the log sequence number in the ib_logfiles!
130408 11:43:57  InnoDB: Database was not shut down normally!
InnoDB: Starting crash recovery.
InnoDB: Reading tablespace information from the .ibd files...
InnoDB: Restoring possible half-written data pages from the doublewrite
InnoDB: buffer...
130408 11:43:57  InnoDB: Waiting for the background threads to start
130408 11:43:58 InnoDB: 1.1.8 started; log sequence number 1595675
130408 11:43:58 [Note] Event Scheduler: Loaded 0 events
130408 11:43:58 [Note] c:\xampp\mysql\bin\mysqld.exe: ready for connections.
Version: '5.5.27'  socket: ''  port: 0  MySQL Community Server (GPL)
130408 11:48:04 [Note] Plugin 'FEDERATED' is disabled.
130408 11:48:04 InnoDB: The InnoDB memory heap is disabled
130408 11:48:04 InnoDB: Mutexes and rw_locks use Windows interlocked functions
130408 11:48:04 InnoDB: Compressed tables use zlib 1.2.3
130408 11:48:04 InnoDB: Initializing buffer pool, size = 16.0M
130408 11:48:04 InnoDB: Completed initialization of buffer pool
130408 11:48:04 InnoDB: highest supported file format is Barracuda.
InnoDB: The log sequence number in ibdata files does not match
InnoDB: the log sequence number in the ib_logfiles!
130408 11:48:04  InnoDB: Database was not shut down normally!
InnoDB: Starting crash recovery.
InnoDB: Reading tablespace information from the .ibd files...
InnoDB: Restoring possible half-written data pages from the doublewrite
InnoDB: buffer...
130408 11:48:04  InnoDB: Waiting for the background threads to start
130408 11:48:05 InnoDB: 1.1.8 started; log sequence number 1595675
130408 11:48:05 [Note] Server hostname (bind-address): '127.0.0.1'; port: 3306
130408 11:48:05 [Note]   - '127.0.0.1' resolves to '127.0.0.1';
130408 11:48:05 [Note] Server socket created on IP: '127.0.0.1'.
130408 11:48:05 [Note] Event Scheduler: Loaded 0 events
130408 11:48:05 [Note] c:\xampp\mysql\bin\mysqld.exe: ready for connections.
Version: '5.5.27'  socket: ''  port: 3306  MySQL Community Server (GPL)
130409  9:43:43 [Note] Plugin 'FEDERATED' is disabled.
130409  9:43:43 InnoDB: The InnoDB memory heap is disabled
130409  9:43:43 InnoDB: Mutexes and rw_locks use Windows interlocked functions
130409  9:43:43 InnoDB: Compressed tables use zlib 1.2.3
130409  9:43:43 InnoDB: Initializing buffer pool, size = 16.0M
130409  9:43:43 InnoDB: Completed initialization of buffer pool
130409  9:43:43 InnoDB: highest supported file format is Barracuda.
InnoDB: The log sequence number in ibdata files does not match
InnoDB: the log sequence number in the ib_logfiles!
130409  9:43:43  InnoDB: Database was not shut down normally!
InnoDB: Starting crash recovery.
InnoDB: Reading tablespace information from the .ibd files...
InnoDB: Restoring possible half-written data pages from the doublewrite
InnoDB: buffer...
130409  9:43:44  InnoDB: Waiting for the background threads to start
130409  9:43:45 InnoDB: 1.1.8 started; log sequence number 2206459
130409  9:43:45 [Note] Server hostname (bind-address): '127.0.0.1'; port: 3306
130409  9:43:45 [Note]   - '127.0.0.1' resolves to '127.0.0.1';
130409  9:43:45 [Note] Server socket created on IP: '127.0.0.1'.
130409  9:43:45 [Note] Event Scheduler: Loaded 0 events
130409  9:43:45 [Note] c:\xampp\mysql\bin\mysqld.exe: ready for connections.
Version: '5.5.27'  socket: ''  port: 3306  MySQL Community Server (GPL)
130410 15:38:32 [Note] Plugin 'FEDERATED' is disabled.
130410 15:38:32 InnoDB: The InnoDB memory heap is disabled
130410 15:38:32 InnoDB: Mutexes and rw_locks use Windows interlocked functions
130410 15:38:32 InnoDB: Compressed tables use zlib 1.2.3
130410 15:38:32 InnoDB: Initializing buffer pool, size = 16.0M
130410 15:38:32 InnoDB: Completed initialization of buffer pool
130410 15:38:32 InnoDB: highest supported file format is Barracuda.
InnoDB: The log sequence number in ibdata files does not match
InnoDB: the log sequence number in the ib_logfiles!
130410 15:38:32  InnoDB: Database was not shut down normally!
InnoDB: Starting crash recovery.
InnoDB: Reading tablespace information from the .ibd files...
InnoDB: Restoring possible half-written data pages from the doublewrite
InnoDB: buffer...
130410 15:38:33  InnoDB: Waiting for the background threads to start
130410 15:38:34 InnoDB: 1.1.8 started; log sequence number 2206469
130410 15:38:34 [Note] Server hostname (bind-address): '127.0.0.1'; port: 3306
130410 15:38:34 [Note]   - '127.0.0.1' resolves to '127.0.0.1';
130410 15:38:34 [Note] Server socket created on IP: '127.0.0.1'.
130410 15:38:34 [Note] Event Scheduler: Loaded 0 events
130410 15:38:34 [Note] c:\xampp\mysql\bin\mysqld.exe: ready for connections.
Version: '5.5.27'  socket: ''  port: 3306  MySQL Community Server (GPL)
130411  9:40:48 [Note] Plugin 'FEDERATED' is disabled.
130411  9:40:48 InnoDB: The InnoDB memory heap is disabled
130411  9:40:48 InnoDB: Mutexes and rw_locks use Windows interlocked functions
130411  9:40:48 InnoDB: Compressed tables use zlib 1.2.3
130411  9:40:48 InnoDB: Initializing buffer pool, size = 16.0M
130411  9:40:48 InnoDB: Completed initialization of buffer pool
130411  9:40:48 InnoDB: highest supported file format is Barracuda.
InnoDB: The log sequence number in ibdata files does not match
InnoDB: the log sequence number in the ib_logfiles!
130411  9:40:48  InnoDB: Database was not shut down normally!
InnoDB: Starting crash recovery.
InnoDB: Reading tablespace information from the .ibd files...
InnoDB: Restoring possible half-written data pages from the doublewrite
InnoDB: buffer...
130411  9:40:48  InnoDB: Waiting for the background threads to start
130411  9:40:49 InnoDB: 1.1.8 started; log sequence number 2207647
130411  9:40:49 [Note] Server hostname (bind-address): '127.0.0.1'; port: 3306
130411  9:40:49 [Note]   - '127.0.0.1' resolves to '127.0.0.1';
130411  9:40:49 [Note] Server socket created on IP: '127.0.0.1'.
130411  9:40:49 [Note] Event Scheduler: Loaded 0 events
130411  9:40:49 [Note] c:\xampp\mysql\bin\mysqld.exe: ready for connections.
Version: '5.5.27'  socket: ''  port: 3306  MySQL Community Server (GPL)
130412 10:30:50 [Note] Plugin 'FEDERATED' is disabled.
130412 10:30:50 InnoDB: The InnoDB memory heap is disabled
130412 10:30:50 InnoDB: Mutexes and rw_locks use Windows interlocked functions
130412 10:30:50 InnoDB: Compressed tables use zlib 1.2.3
130412 10:30:50 InnoDB: Initializing buffer pool, size = 16.0M
130412 10:30:50 InnoDB: Completed initialization of buffer pool
130412 10:30:50 InnoDB: highest supported file format is Barracuda.
InnoDB: The log sequence number in ibdata files does not match
InnoDB: the log sequence number in the ib_logfiles!
130412 10:30:50  InnoDB: Database was not shut down normally!
InnoDB: Starting crash recovery.
InnoDB: Reading tablespace information from the .ibd files...
InnoDB: Restoring possible half-written data pages from the doublewrite
InnoDB: buffer...
130412 10:30:50  InnoDB: Waiting for the background threads to start
130412 10:30:51 InnoDB: 1.1.8 started; log sequence number 2265345
130412 10:30:51 [Note] Server hostname (bind-address): '127.0.0.1'; port: 3306
130412 10:30:51 [Note]   - '127.0.0.1' resolves to '127.0.0.1';
130412 10:30:51 [Note] Server socket created on IP: '127.0.0.1'.
130412 10:30:51 [Note] Event Scheduler: Loaded 0 events
130412 10:30:51 [Note] c:\xampp\mysql\bin\mysqld.exe: ready for connections.
Version: '5.5.27'  socket: ''  port: 3306  MySQL Community Server (GPL)
130412 14:33:38 [Note] Plugin 'FEDERATED' is disabled.
130412 14:33:38 InnoDB: The InnoDB memory heap is disabled
130412 14:33:38 InnoDB: Mutexes and rw_locks use Windows interlocked functions
130412 14:33:38 InnoDB: Compressed tables use zlib 1.2.3
130412 14:33:38 InnoDB: Initializing buffer pool, size = 16.0M
130412 14:33:38 InnoDB: Completed initialization of buffer pool
130412 14:33:38 InnoDB: highest supported file format is Barracuda.
InnoDB: The log sequence number in ibdata files does not match
InnoDB: the log sequence number in the ib_logfiles!
130412 14:33:38  InnoDB: Database was not shut down normally!
InnoDB: Starting crash recovery.
InnoDB: Reading tablespace information from the .ibd files...
InnoDB: Restoring possible half-written data pages from the doublewrite
InnoDB: buffer...
130412 14:33:39  InnoDB: Waiting for the background threads to start
130412 14:33:40 InnoDB: 1.1.8 started; log sequence number 4350596
130412 14:33:40 [Note] Server hostname (bind-address): '127.0.0.1'; port: 3306
130412 14:33:40 [Note]   - '127.0.0.1' resolves to '127.0.0.1';
130412 14:33:40 [Note] Server socket created on IP: '127.0.0.1'.
130412 14:33:40 [Note] Event Scheduler: Loaded 0 events
130412 14:33:40 [Note] c:\xampp\mysql\bin\mysqld.exe: ready for connections.
Version: '5.5.27'  socket: ''  port: 3306  MySQL Community Server (GPL)
130412 14:40:03 [Note] Plugin 'FEDERATED' is disabled.
130412 14:40:03 InnoDB: The InnoDB memory heap is disabled
130412 14:40:03 InnoDB: Mutexes and rw_locks use Windows interlocked functions
130412 14:40:03 InnoDB: Compressed tables use zlib 1.2.3
130412 14:40:03 InnoDB: Initializing buffer pool, size = 16.0M
130412 14:40:03 InnoDB: Completed initialization of buffer pool
130412 14:40:03 InnoDB: highest supported file format is Barracuda.
InnoDB: The log sequence number in ibdata files does not match
InnoDB: the log sequence number in the ib_logfiles!
130412 14:40:03  InnoDB: Database was not shut down normally!
InnoDB: Starting crash recovery.
InnoDB: Reading tablespace information from the .ibd files...
InnoDB: Restoring possible half-written data pages from the doublewrite
InnoDB: buffer...
130412 14:40:03  InnoDB: Waiting for the background threads to start
130412 14:40:04 InnoDB: 1.1.8 started; log sequence number 4399345
130412 14:40:04 [Note] Server hostname (bind-address): '127.0.0.1'; port: 3306
130412 14:40:04 [Note]   - '127.0.0.1' resolves to '127.0.0.1';
130412 14:40:04 [Note] Server socket created on IP: '127.0.0.1'.
130412 14:40:04 [Note] Event Scheduler: Loaded 0 events
130412 14:40:04 [Note] c:\xampp\mysql\bin\mysqld.exe: ready for connections.
Version: '5.5.27'  socket: ''  port: 3306  MySQL Community Server (GPL)
130819  3:24:53 [Note] Plugin 'FEDERATED' is disabled.
130819  3:24:53 InnoDB: The InnoDB memory heap is disabled
130819  3:24:53 InnoDB: Mutexes and rw_locks use Windows interlocked functions
130819  3:24:53 InnoDB: Compressed tables use zlib 1.2.3
130819  3:24:53 InnoDB: Initializing buffer pool, size = 16.0M
130819  3:24:53 InnoDB: Completed initialization of buffer pool
130819  3:24:53 InnoDB: highest supported file format is Barracuda.
InnoDB: The log sequence number in ibdata files does not match
InnoDB: the log sequence number in the ib_logfiles!
130819  3:24:53  InnoDB: Database was not shut down normally!
InnoDB: Starting crash recovery.
InnoDB: Reading tablespace information from the .ibd files...
InnoDB: Restoring possible half-written data pages from the doublewrite
InnoDB: buffer...
130819  3:24:54  InnoDB: Waiting for the background threads to start
130819  3:24:55 InnoDB: 1.1.8 started; log sequence number 4406312
130819  3:24:55 [Note] Server hostname (bind-address): '127.0.0.1'; port: 3306
130819  3:24:55 [Note]   - '127.0.0.1' resolves to '127.0.0.1';
130819  3:24:55 [Note] Server socket created on IP: '127.0.0.1'.
130819  3:24:55 [Note] Event Scheduler: Loaded 0 events
130819  3:24:55 [Note] c:\xampp\mysql\bin\mysqld.exe: ready for connections.
Version: '5.5.27'  socket: ''  port: 3306  MySQL Community Server (GPL)
130819  3:52:26 [Note] Plugin 'FEDERATED' is disabled.
130819  3:52:26 InnoDB: The InnoDB memory heap is disabled
130819  3:52:26 InnoDB: Mutexes and rw_locks use Windows interlocked functions
130819  3:52:26 InnoDB: Compressed tables use zlib 1.2.3
130819  3:52:26 InnoDB: Initializing buffer pool, size = 16.0M
130819  3:52:26 InnoDB: Completed initialization of buffer pool
130819  3:52:26 InnoDB: highest supported file format is Barracuda.
InnoDB: The log sequence number in ibdata files does not match
InnoDB: the log sequence number in the ib_logfiles!
130819  3:52:26  InnoDB: Database was not shut down normally!
InnoDB: Starting crash recovery.
InnoDB: Reading tablespace information from the .ibd files...
InnoDB: Restoring possible half-written data pages from the doublewrite
InnoDB: buffer...
130819  3:52:26  InnoDB: Waiting for the background threads to start
130819  3:52:27 InnoDB: 1.1.8 started; log sequence number 4577708
130819  3:52:27 [Note] Server hostname (bind-address): '127.0.0.1'; port: 3306
130819  3:52:27 [Note]   - '127.0.0.1' resolves to '127.0.0.1';
130819  3:52:27 [Note] Server socket created on IP: '127.0.0.1'.
130819  3:52:27 [Note] Event Scheduler: Loaded 0 events
130819  3:52:27 [Note] c:\xampp\mysql\bin\mysqld.exe: ready for connections.
Version: '5.5.27'  socket: ''  port: 3306  MySQL Community Server (GPL)
130819 15:38:42 [Note] Plugin 'FEDERATED' is disabled.
130819 15:38:42 InnoDB: The InnoDB memory heap is disabled
130819 15:38:42 InnoDB: Mutexes and rw_locks use Windows interlocked functions
130819 15:38:42 InnoDB: Compressed tables use zlib 1.2.3
130819 15:38:42 InnoDB: Initializing buffer pool, size = 16.0M
130819 15:38:42 InnoDB: Completed initialization of buffer pool
130819 15:38:42 InnoDB: highest supported file format is Barracuda.
InnoDB: The log sequence number in ibdata files does not match
InnoDB: the log sequence number in the ib_logfiles!
130819 15:38:42  InnoDB: Database was not shut down normally!
InnoDB: Starting crash recovery.
InnoDB: Reading tablespace information from the .ibd files...
InnoDB: Restoring possible half-written data pages from the doublewrite
InnoDB: buffer...
130819 15:38:43  InnoDB: Waiting for the background threads to start
130819 15:38:44 InnoDB: 1.1.8 started; log sequence number 4578176
130819 15:38:44 [Note] Server hostname (bind-address): '127.0.0.1'; port: 3306
130819 15:38:44 [Note]   - '127.0.0.1' resolves to '127.0.0.1';
130819 15:38:44 [Note] Server socket created on IP: '127.0.0.1'.
130819 15:38:45 [Note] Event Scheduler: Loaded 0 events
130819 15:38:45 [Note] c:\xampp\mysql\bin\mysqld.exe: ready for connections.
Version: '5.5.27'  socket: ''  port: 3306  MySQL Community Server (GPL)
130820 13:00:27 [Note] Plugin 'FEDERATED' is disabled.
130820 13:00:27 InnoDB: The InnoDB memory heap is disabled
130820 13:00:27 InnoDB: Mutexes and rw_locks use Windows interlocked functions
130820 13:00:27 InnoDB: Compressed tables use zlib 1.2.3
130820 13:00:27 InnoDB: Initializing buffer pool, size = 16.0M
130820 13:00:27 InnoDB: Completed initialization of buffer pool
130820 13:00:28 InnoDB: highest supported file format is Barracuda.
InnoDB: The log sequence number in ibdata files does not match
InnoDB: the log sequence number in the ib_logfiles!
130820 13:00:28  InnoDB: Database was not shut down normally!
InnoDB: Starting crash recovery.
InnoDB: Reading tablespace information from the .ibd files...
InnoDB: Restoring possible half-written data pages from the doublewrite
InnoDB: buffer...
130820 13:00:29  InnoDB: Waiting for the background threads to start
130820 13:00:30 InnoDB: 1.1.8 started; log sequence number 4582343
130820 13:00:30 [Note] Server hostname (bind-address): '127.0.0.1'; port: 3306
130820 13:00:30 [Note]   - '127.0.0.1' resolves to '127.0.0.1';
130820 13:00:30 [Note] Server socket created on IP: '127.0.0.1'.
130820 13:00:31 [Note] Event Scheduler: Loaded 0 events
130820 13:00:31 [Note] c:\xampp\mysql\bin\mysqld.exe: ready for connections.
Version: '5.5.27'  socket: ''  port: 3306  MySQL Community Server (GPL)
